<?xml version="1.0" encoding="UTF-8"?>
<testsuite xmlns:xsi="http://www.w3.org/2001/XMLSchema-instance" xsi:noNamespaceSchemaLocation="https://maven.apache.org/surefire/maven-surefire-plugin/xsd/surefire-test-report.xsd" name="com.jit.jd.JdApplicationTests" time="12.955" tests="1" errors="0" skipped="0" failures="0">
  <properties>
    <property name="sun.desktop" value="windows"/>
    <property name="awt.toolkit" value="sun.awt.windows.WToolkit"/>
    <property name="file.encoding.pkg" value="sun.io"/>
    <property name="java.specification.version" value="1.8"/>
    <property name="sun.cpu.isalist" value="amd64"/>
    <property name="sun.jnu.encoding" value="GBK"/>
    <property name="java.class.path" value="E:\Java\SpringBoot\project\target\test-classes;E:\Java\SpringBoot\project\target\classes;E:\Program\apache-maven-3.6.3-bin\apache-maven-3.6.3\repository\org\springframework\boot\spring-boot-starter-thymeleaf\2.4.3\spring-boot-starter-thymeleaf-2.4.3.jar;E:\Program\apache-maven-3.6.3-bin\apache-maven-3.6.3\repository\org\springframework\boot\spring-boot-starter\2.4.3\spring-boot-starter-2.4.3.jar;E:\Program\apache-maven-3.6.3-bin\apache-maven-3.6.3\repository\org\springframework\boot\spring-boot\2.4.3\spring-boot-2.4.3.jar;E:\Program\apache-maven-3.6.3-bin\apache-maven-3.6.3\repository\org\springframework\boot\spring-boot-starter-logging\2.4.3\spring-boot-starter-logging-2.4.3.jar;E:\Program\apache-maven-3.6.3-bin\apache-maven-3.6.3\repository\ch\qos\logback\logback-classic\1.2.3\logback-classic-1.2.3.jar;E:\Program\apache-maven-3.6.3-bin\apache-maven-3.6.3\repository\ch\qos\logback\logback-core\1.2.3\logback-core-1.2.3.jar;E:\Program\apache-maven-3.6.3-bin\apache-maven-3.6.3\repository\org\apache\logging\log4j\log4j-to-slf4j\2.13.3\log4j-to-slf4j-2.13.3.jar;E:\Program\apache-maven-3.6.3-bin\apache-maven-3.6.3\repository\org\apache\logging\log4j\log4j-api\2.13.3\log4j-api-2.13.3.jar;E:\Program\apache-maven-3.6.3-bin\apache-maven-3.6.3\repository\org\slf4j\jul-to-slf4j\1.7.30\jul-to-slf4j-1.7.30.jar;E:\Program\apache-maven-3.6.3-bin\apache-maven-3.6.3\repository\jakarta\annotation\jakarta.annotation-api\1.3.5\jakarta.annotation-api-1.3.5.jar;E:\Program\apache-maven-3.6.3-bin\apache-maven-3.6.3\repository\org\yaml\snakeyaml\1.27\snakeyaml-1.27.jar;E:\Program\apache-maven-3.6.3-bin\apache-maven-3.6.3\repository\org\thymeleaf\thymeleaf-spring5\3.0.12.RELEASE\thymeleaf-spring5-3.0.12.RELEASE.jar;E:\Program\apache-maven-3.6.3-bin\apache-maven-3.6.3\repository\org\thymeleaf\thymeleaf\3.0.12.RELEASE\thymeleaf-3.0.12.RELEASE.jar;E:\Program\apache-maven-3.6.3-bin\apache-maven-3.6.3\repository\org\attoparser\attoparser\2.0.5.RELEASE\attoparser-2.0.5.RELEASE.jar;E:\Program\apache-maven-3.6.3-bin\apache-maven-3.6.3\repository\org\unbescape\unbescape\1.1.6.RELEASE\unbescape-1.1.6.RELEASE.jar;E:\Program\apache-maven-3.6.3-bin\apache-maven-3.6.3\repository\org\slf4j\slf4j-api\1.7.30\slf4j-api-1.7.30.jar;E:\Program\apache-maven-3.6.3-bin\apache-maven-3.6.3\repository\org\thymeleaf\extras\thymeleaf-extras-java8time\3.0.4.RELEASE\thymeleaf-extras-java8time-3.0.4.RELEASE.jar;E:\Program\apache-maven-3.6.3-bin\apache-maven-3.6.3\repository\org\springframework\boot\spring-boot-starter-web\2.4.3\spring-boot-starter-web-2.4.3.jar;E:\Program\apache-maven-3.6.3-bin\apache-maven-3.6.3\repository\org\springframework\boot\spring-boot-starter-json\2.4.3\spring-boot-starter-json-2.4.3.jar;E:\Program\apache-maven-3.6.3-bin\apache-maven-3.6.3\repository\com\fasterxml\jackson\core\jackson-databind\2.11.4\jackson-databind-2.11.4.jar;E:\Program\apache-maven-3.6.3-bin\apache-maven-3.6.3\repository\com\fasterxml\jackson\core\jackson-annotations\2.11.4\jackson-annotations-2.11.4.jar;E:\Program\apache-maven-3.6.3-bin\apache-maven-3.6.3\repository\com\fasterxml\jackson\core\jackson-core\2.11.4\jackson-core-2.11.4.jar;E:\Program\apache-maven-3.6.3-bin\apache-maven-3.6.3\repository\com\fasterxml\jackson\datatype\jackson-datatype-jdk8\2.11.4\jackson-datatype-jdk8-2.11.4.jar;E:\Program\apache-maven-3.6.3-bin\apache-maven-3.6.3\repository\com\fasterxml\jackson\datatype\jackson-datatype-jsr310\2.11.4\jackson-datatype-jsr310-2.11.4.jar;E:\Program\apache-maven-3.6.3-bin\apache-maven-3.6.3\repository\com\fasterxml\jackson\module\jackson-module-parameter-names\2.11.4\jackson-module-parameter-names-2.11.4.jar;E:\Program\apache-maven-3.6.3-bin\apache-maven-3.6.3\repository\org\springframework\boot\spring-boot-starter-tomcat\2.4.3\spring-boot-starter-tomcat-2.4.3.jar;E:\Program\apache-maven-3.6.3-bin\apache-maven-3.6.3\repository\org\apache\tomcat\embed\tomcat-embed-core\9.0.43\tomcat-embed-core-9.0.43.jar;E:\Program\apache-maven-3.6.3-bin\apache-maven-3.6.3\repository\org\apache\tomcat\embed\tomcat-embed-websocket\9.0.43\tomcat-embed-websocket-9.0.43.jar;E:\Program\apache-maven-3.6.3-bin\apache-maven-3.6.3\repository\org\springframework\spring-web\5.3.4\spring-web-5.3.4.jar;E:\Program\apache-maven-3.6.3-bin\apache-maven-3.6.3\repository\org\springframework\spring-beans\5.3.4\spring-beans-5.3.4.jar;E:\Program\apache-maven-3.6.3-bin\apache-maven-3.6.3\repository\org\springframework\spring-webmvc\5.3.4\spring-webmvc-5.3.4.jar;E:\Program\apache-maven-3.6.3-bin\apache-maven-3.6.3\repository\org\springframework\spring-aop\5.3.4\spring-aop-5.3.4.jar;E:\Program\apache-maven-3.6.3-bin\apache-maven-3.6.3\repository\org\springframework\spring-context\5.3.4\spring-context-5.3.4.jar;E:\Program\apache-maven-3.6.3-bin\apache-maven-3.6.3\repository\org\springframework\spring-expression\5.3.4\spring-expression-5.3.4.jar;E:\Program\apache-maven-3.6.3-bin\apache-maven-3.6.3\repository\mysql\mysql-connector-java\8.0.23\mysql-connector-java-8.0.23.jar;E:\Program\apache-maven-3.6.3-bin\apache-maven-3.6.3\repository\org\projectlombok\lombok\1.18.18\lombok-1.18.18.jar;E:\Program\apache-maven-3.6.3-bin\apache-maven-3.6.3\repository\com\baomidou\mybatis-plus-boot-starter\3.4.0\mybatis-plus-boot-starter-3.4.0.jar;E:\Program\apache-maven-3.6.3-bin\apache-maven-3.6.3\repository\com\baomidou\mybatis-plus\3.4.0\mybatis-plus-3.4.0.jar;E:\Program\apache-maven-3.6.3-bin\apache-maven-3.6.3\repository\com\baomidou\mybatis-plus-extension\3.4.0\mybatis-plus-extension-3.4.0.jar;E:\Program\apache-maven-3.6.3-bin\apache-maven-3.6.3\repository\com\baomidou\mybatis-plus-core\3.4.0\mybatis-plus-core-3.4.0.jar;E:\Program\apache-maven-3.6.3-bin\apache-maven-3.6.3\repository\com\baomidou\mybatis-plus-annotation\3.4.0\mybatis-plus-annotation-3.4.0.jar;E:\Program\apache-maven-3.6.3-bin\apache-maven-3.6.3\repository\com\github\jsqlparser\jsqlparser\3.2\jsqlparser-3.2.jar;E:\Program\apache-maven-3.6.3-bin\apache-maven-3.6.3\repository\org\mybatis\mybatis\3.5.5\mybatis-3.5.5.jar;E:\Program\apache-maven-3.6.3-bin\apache-maven-3.6.3\repository\org\mybatis\mybatis-spring\2.0.5\mybatis-spring-2.0.5.jar;E:\Program\apache-maven-3.6.3-bin\apache-maven-3.6.3\repository\org\springframework\boot\spring-boot-autoconfigure\2.4.3\spring-boot-autoconfigure-2.4.3.jar;E:\Program\apache-maven-3.6.3-bin\apache-maven-3.6.3\repository\org\springframework\boot\spring-boot-starter-jdbc\2.4.3\spring-boot-starter-jdbc-2.4.3.jar;E:\Program\apache-maven-3.6.3-bin\apache-maven-3.6.3\repository\com\zaxxer\HikariCP\3.4.5\HikariCP-3.4.5.jar;E:\Program\apache-maven-3.6.3-bin\apache-maven-3.6.3\repository\org\springframework\spring-jdbc\5.3.4\spring-jdbc-5.3.4.jar;E:\Program\apache-maven-3.6.3-bin\apache-maven-3.6.3\repository\org\springframework\boot\spring-boot-starter-test\2.4.3\spring-boot-starter-test-2.4.3.jar;E:\Program\apache-maven-3.6.3-bin\apache-maven-3.6.3\repository\org\springframework\boot\spring-boot-test\2.4.3\spring-boot-test-2.4.3.jar;E:\Program\apache-maven-3.6.3-bin\apache-maven-3.6.3\repository\org\springframework\boot\spring-boot-test-autoconfigure\2.4.3\spring-boot-test-autoconfigure-2.4.3.jar;E:\Program\apache-maven-3.6.3-bin\apache-maven-3.6.3\repository\com\jayway\jsonpath\json-path\2.4.0\json-path-2.4.0.jar;E:\Program\apache-maven-3.6.3-bin\apache-maven-3.6.3\repository\net\minidev\json-smart\2.3\json-smart-2.3.jar;E:\Program\apache-maven-3.6.3-bin\apache-maven-3.6.3\repository\net\minidev\accessors-smart\1.2\accessors-smart-1.2.jar;E:\Program\apache-maven-3.6.3-bin\apache-maven-3.6.3\repository\org\ow2\asm\asm\5.0.4\asm-5.0.4.jar;E:\Program\apache-maven-3.6.3-bin\apache-maven-3.6.3\repository\jakarta\xml\bind\jakarta.xml.bind-api\2.3.3\jakarta.xml.bind-api-2.3.3.jar;E:\Program\apache-maven-3.6.3-bin\apache-maven-3.6.3\repository\jakarta\activation\jakarta.activation-api\1.2.2\jakarta.activation-api-1.2.2.jar;E:\Program\apache-maven-3.6.3-bin\apache-maven-3.6.3\repository\org\assertj\assertj-core\3.18.1\assertj-core-3.18.1.jar;E:\Program\apache-maven-3.6.3-bin\apache-maven-3.6.3\repository\org\hamcrest\hamcrest\2.2\hamcrest-2.2.jar;E:\Program\apache-maven-3.6.3-bin\apache-maven-3.6.3\repository\org\junit\jupiter\junit-jupiter\5.7.1\junit-jupiter-5.7.1.jar;E:\Program\apache-maven-3.6.3-bin\apache-maven-3.6.3\repository\org\junit\jupiter\junit-jupiter-api\5.7.1\junit-jupiter-api-5.7.1.jar;E:\Program\apache-maven-3.6.3-bin\apache-maven-3.6.3\repository\org\apiguardian\apiguardian-api\1.1.0\apiguardian-api-1.1.0.jar;E:\Program\apache-maven-3.6.3-bin\apache-maven-3.6.3\repository\org\opentest4j\opentest4j\1.2.0\opentest4j-1.2.0.jar;E:\Program\apache-maven-3.6.3-bin\apache-maven-3.6.3\repository\org\junit\platform\junit-platform-commons\1.7.1\junit-platform-commons-1.7.1.jar;E:\Program\apache-maven-3.6.3-bin\apache-maven-3.6.3\repository\org\junit\jupiter\junit-jupiter-params\5.7.1\junit-jupiter-params-5.7.1.jar;E:\Program\apache-maven-3.6.3-bin\apache-maven-3.6.3\repository\org\junit\jupiter\junit-jupiter-engine\5.7.1\junit-jupiter-engine-5.7.1.jar;E:\Program\apache-maven-3.6.3-bin\apache-maven-3.6.3\repository\org\junit\platform\junit-platform-engine\1.7.1\junit-platform-engine-1.7.1.jar;E:\Program\apache-maven-3.6.3-bin\apache-maven-3.6.3\repository\org\mockito\mockito-core\3.6.28\mockito-core-3.6.28.jar;E:\Program\apache-maven-3.6.3-bin\apache-maven-3.6.3\repository\net\bytebuddy\byte-buddy\1.10.20\byte-buddy-1.10.20.jar;E:\Program\apache-maven-3.6.3-bin\apache-maven-3.6.3\repository\net\bytebuddy\byte-buddy-agent\1.10.20\byte-buddy-agent-1.10.20.jar;E:\Program\apache-maven-3.6.3-bin\apache-maven-3.6.3\repository\org\objenesis\objenesis\3.1\objenesis-3.1.jar;E:\Program\apache-maven-3.6.3-bin\apache-maven-3.6.3\repository\org\mockito\mockito-junit-jupiter\3.6.28\mockito-junit-jupiter-3.6.28.jar;E:\Program\apache-maven-3.6.3-bin\apache-maven-3.6.3\repository\org\skyscreamer\jsonassert\1.5.0\jsonassert-1.5.0.jar;E:\Program\apache-maven-3.6.3-bin\apache-maven-3.6.3\repository\com\vaadin\external\google\android-json\0.0.20131108.vaadin1\android-json-0.0.20131108.vaadin1.jar;E:\Program\apache-maven-3.6.3-bin\apache-maven-3.6.3\repository\org\springframework\spring-core\5.3.4\spring-core-5.3.4.jar;E:\Program\apache-maven-3.6.3-bin\apache-maven-3.6.3\repository\org\springframework\spring-jcl\5.3.4\spring-jcl-5.3.4.jar;E:\Program\apache-maven-3.6.3-bin\apache-maven-3.6.3\repository\org\springframework\spring-test\5.3.4\spring-test-5.3.4.jar;E:\Program\apache-maven-3.6.3-bin\apache-maven-3.6.3\repository\org\xmlunit\xmlunit-core\2.7.0\xmlunit-core-2.7.0.jar;E:\Program\apache-maven-3.6.3-bin\apache-maven-3.6.3\repository\org\apache\commons\commons-lang3\3.8.1\commons-lang3-3.8.1.jar;E:\Program\apache-maven-3.6.3-bin\apache-maven-3.6.3\repository\commons-codec\commons-codec\1.11\commons-codec-1.11.jar;E:\Program\apache-maven-3.6.3-bin\apache-maven-3.6.3\repository\org\springframework\boot\spring-boot-starter-validation\2.4.3\spring-boot-starter-validation-2.4.3.jar;E:\Program\apache-maven-3.6.3-bin\apache-maven-3.6.3\repository\org\glassfish\jakarta.el\3.0.3\jakarta.el-3.0.3.jar;E:\Program\apache-maven-3.6.3-bin\apache-maven-3.6.3\repository\org\hibernate\validator\hibernate-validator\6.1.7.Final\hibernate-validator-6.1.7.Final.jar;E:\Program\apache-maven-3.6.3-bin\apache-maven-3.6.3\repository\jakarta\validation\jakarta.validation-api\2.0.2\jakarta.validation-api-2.0.2.jar;E:\Program\apache-maven-3.6.3-bin\apache-maven-3.6.3\repository\org\jboss\logging\jboss-logging\3.4.1.Final\jboss-logging-3.4.1.Final.jar;E:\Program\apache-maven-3.6.3-bin\apache-maven-3.6.3\repository\com\fasterxml\classmate\1.5.1\classmate-1.5.1.jar;E:\Program\apache-maven-3.6.3-bin\apache-maven-3.6.3\repository\org\springframework\boot\spring-boot-starter-redis\1.4.7.RELEASE\spring-boot-starter-redis-1.4.7.RELEASE.jar;E:\Program\apache-maven-3.6.3-bin\apache-maven-3.6.3\repository\org\springframework\data\spring-data-redis\2.4.5\spring-data-redis-2.4.5.jar;E:\Program\apache-maven-3.6.3-bin\apache-maven-3.6.3\repository\org\springframework\data\spring-data-keyvalue\2.4.5\spring-data-keyvalue-2.4.5.jar;E:\Program\apache-maven-3.6.3-bin\apache-maven-3.6.3\repository\org\springframework\data\spring-data-commons\2.4.5\spring-data-commons-2.4.5.jar;E:\Program\apache-maven-3.6.3-bin\apache-maven-3.6.3\repository\org\springframework\spring-tx\5.3.4\spring-tx-5.3.4.jar;E:\Program\apache-maven-3.6.3-bin\apache-maven-3.6.3\repository\org\springframework\spring-oxm\5.3.4\spring-oxm-5.3.4.jar;E:\Program\apache-maven-3.6.3-bin\apache-maven-3.6.3\repository\org\springframework\spring-context-support\5.3.4\spring-context-support-5.3.4.jar;E:\Program\apache-maven-3.6.3-bin\apache-maven-3.6.3\repository\redis\clients\jedis\3.3.0\jedis-3.3.0.jar;E:\Program\apache-maven-3.6.3-bin\apache-maven-3.6.3\repository\org\apache\commons\commons-pool2\2.9.0\commons-pool2-2.9.0.jar;"/>
    <property name="java.vm.vendor" value="Oracle Corporation"/>
    <property name="sun.arch.data.model" value="64"/>
    <property name="user.variant" value=""/>
    <property name="java.vendor.url" value="http://java.oracle.com/"/>
    <property name="user.timezone" value="Asia/Shanghai"/>
    <property name="java.vm.specification.version" value="1.8"/>
    <property name="os.name" value="Windows 10"/>
    <property name="user.country" value="CN"/>
    <property name="sun.java.launcher" value="SUN_STANDARD"/>
    <property name="sun.boot.library.path" value="C:\Program Files\Java\jdk1.8.0_141\jre\bin"/>
    <property name="sun.java.command" value="C:\Users\GUZHIHAO\AppData\Local\Temp\surefire2443811691849245629\surefirebooter8030566230476520607.jar C:\Users\GUZHIHAO\AppData\Local\Temp\surefire2443811691849245629 2021-03-21T14-08-28_370-jvmRun1 surefire7325228643746813813tmp surefire_07441801291255957331tmp"/>
    <property name="surefire.test.class.path" value="E:\Java\SpringBoot\project\target\test-classes;E:\Java\SpringBoot\project\target\classes;E:\Program\apache-maven-3.6.3-bin\apache-maven-3.6.3\repository\org\springframework\boot\spring-boot-starter-thymeleaf\2.4.3\spring-boot-starter-thymeleaf-2.4.3.jar;E:\Program\apache-maven-3.6.3-bin\apache-maven-3.6.3\repository\org\springframework\boot\spring-boot-starter\2.4.3\spring-boot-starter-2.4.3.jar;E:\Program\apache-maven-3.6.3-bin\apache-maven-3.6.3\repository\org\springframework\boot\spring-boot\2.4.3\spring-boot-2.4.3.jar;E:\Program\apache-maven-3.6.3-bin\apache-maven-3.6.3\repository\org\springframework\boot\spring-boot-starter-logging\2.4.3\spring-boot-starter-logging-2.4.3.jar;E:\Program\apache-maven-3.6.3-bin\apache-maven-3.6.3\repository\ch\qos\logback\logback-classic\1.2.3\logback-classic-1.2.3.jar;E:\Program\apache-maven-3.6.3-bin\apache-maven-3.6.3\repository\ch\qos\logback\logback-core\1.2.3\logback-core-1.2.3.jar;E:\Program\apache-maven-3.6.3-bin\apache-maven-3.6.3\repository\org\apache\logging\log4j\log4j-to-slf4j\2.13.3\log4j-to-slf4j-2.13.3.jar;E:\Program\apache-maven-3.6.3-bin\apache-maven-3.6.3\repository\org\apache\logging\log4j\log4j-api\2.13.3\log4j-api-2.13.3.jar;E:\Program\apache-maven-3.6.3-bin\apache-maven-3.6.3\repository\org\slf4j\jul-to-slf4j\1.7.30\jul-to-slf4j-1.7.30.jar;E:\Program\apache-maven-3.6.3-bin\apache-maven-3.6.3\repository\jakarta\annotation\jakarta.annotation-api\1.3.5\jakarta.annotation-api-1.3.5.jar;E:\Program\apache-maven-3.6.3-bin\apache-maven-3.6.3\repository\org\yaml\snakeyaml\1.27\snakeyaml-1.27.jar;E:\Program\apache-maven-3.6.3-bin\apache-maven-3.6.3\repository\org\thymeleaf\thymeleaf-spring5\3.0.12.RELEASE\thymeleaf-spring5-3.0.12.RELEASE.jar;E:\Program\apache-maven-3.6.3-bin\apache-maven-3.6.3\repository\org\thymeleaf\thymeleaf\3.0.12.RELEASE\thymeleaf-3.0.12.RELEASE.jar;E:\Program\apache-maven-3.6.3-bin\apache-maven-3.6.3\repository\org\attoparser\attoparser\2.0.5.RELEASE\attoparser-2.0.5.RELEASE.jar;E:\Program\apache-maven-3.6.3-bin\apache-maven-3.6.3\repository\org\unbescape\unbescape\1.1.6.RELEASE\unbescape-1.1.6.RELEASE.jar;E:\Program\apache-maven-3.6.3-bin\apache-maven-3.6.3\repository\org\slf4j\slf4j-api\1.7.30\slf4j-api-1.7.30.jar;E:\Program\apache-maven-3.6.3-bin\apache-maven-3.6.3\repository\org\thymeleaf\extras\thymeleaf-extras-java8time\3.0.4.RELEASE\thymeleaf-extras-java8time-3.0.4.RELEASE.jar;E:\Program\apache-maven-3.6.3-bin\apache-maven-3.6.3\repository\org\springframework\boot\spring-boot-starter-web\2.4.3\spring-boot-starter-web-2.4.3.jar;E:\Program\apache-maven-3.6.3-bin\apache-maven-3.6.3\repository\org\springframework\boot\spring-boot-starter-json\2.4.3\spring-boot-starter-json-2.4.3.jar;E:\Program\apache-maven-3.6.3-bin\apache-maven-3.6.3\repository\com\fasterxml\jackson\core\jackson-databind\2.11.4\jackson-databind-2.11.4.jar;E:\Program\apache-maven-3.6.3-bin\apache-maven-3.6.3\repository\com\fasterxml\jackson\core\jackson-annotations\2.11.4\jackson-annotations-2.11.4.jar;E:\Program\apache-maven-3.6.3-bin\apache-maven-3.6.3\repository\com\fasterxml\jackson\core\jackson-core\2.11.4\jackson-core-2.11.4.jar;E:\Program\apache-maven-3.6.3-bin\apache-maven-3.6.3\repository\com\fasterxml\jackson\datatype\jackson-datatype-jdk8\2.11.4\jackson-datatype-jdk8-2.11.4.jar;E:\Program\apache-maven-3.6.3-bin\apache-maven-3.6.3\repository\com\fasterxml\jackson\datatype\jackson-datatype-jsr310\2.11.4\jackson-datatype-jsr310-2.11.4.jar;E:\Program\apache-maven-3.6.3-bin\apache-maven-3.6.3\repository\com\fasterxml\jackson\module\jackson-module-parameter-names\2.11.4\jackson-module-parameter-names-2.11.4.jar;E:\Program\apache-maven-3.6.3-bin\apache-maven-3.6.3\repository\org\springframework\boot\spring-boot-starter-tomcat\2.4.3\spring-boot-starter-tomcat-2.4.3.jar;E:\Program\apache-maven-3.6.3-bin\apache-maven-3.6.3\repository\org\apache\tomcat\embed\tomcat-embed-core\9.0.43\tomcat-embed-core-9.0.43.jar;E:\Program\apache-maven-3.6.3-bin\apache-maven-3.6.3\repository\org\apache\tomcat\embed\tomcat-embed-websocket\9.0.43\tomcat-embed-websocket-9.0.43.jar;E:\Program\apache-maven-3.6.3-bin\apache-maven-3.6.3\repository\org\springframework\spring-web\5.3.4\spring-web-5.3.4.jar;E:\Program\apache-maven-3.6.3-bin\apache-maven-3.6.3\repository\org\springframework\spring-beans\5.3.4\spring-beans-5.3.4.jar;E:\Program\apache-maven-3.6.3-bin\apache-maven-3.6.3\repository\org\springframework\spring-webmvc\5.3.4\spring-webmvc-5.3.4.jar;E:\Program\apache-maven-3.6.3-bin\apache-maven-3.6.3\repository\org\springframework\spring-aop\5.3.4\spring-aop-5.3.4.jar;E:\Program\apache-maven-3.6.3-bin\apache-maven-3.6.3\repository\org\springframework\spring-context\5.3.4\spring-context-5.3.4.jar;E:\Program\apache-maven-3.6.3-bin\apache-maven-3.6.3\repository\org\springframework\spring-expression\5.3.4\spring-expression-5.3.4.jar;E:\Program\apache-maven-3.6.3-bin\apache-maven-3.6.3\repository\mysql\mysql-connector-java\8.0.23\mysql-connector-java-8.0.23.jar;E:\Program\apache-maven-3.6.3-bin\apache-maven-3.6.3\repository\org\projectlombok\lombok\1.18.18\lombok-1.18.18.jar;E:\Program\apache-maven-3.6.3-bin\apache-maven-3.6.3\repository\com\baomidou\mybatis-plus-boot-starter\3.4.0\mybatis-plus-boot-starter-3.4.0.jar;E:\Program\apache-maven-3.6.3-bin\apache-maven-3.6.3\repository\com\baomidou\mybatis-plus\3.4.0\mybatis-plus-3.4.0.jar;E:\Program\apache-maven-3.6.3-bin\apache-maven-3.6.3\repository\com\baomidou\mybatis-plus-extension\3.4.0\mybatis-plus-extension-3.4.0.jar;E:\Program\apache-maven-3.6.3-bin\apache-maven-3.6.3\repository\com\baomidou\mybatis-plus-core\3.4.0\mybatis-plus-core-3.4.0.jar;E:\Program\apache-maven-3.6.3-bin\apache-maven-3.6.3\repository\com\baomidou\mybatis-plus-annotation\3.4.0\mybatis-plus-annotation-3.4.0.jar;E:\Program\apache-maven-3.6.3-bin\apache-maven-3.6.3\repository\com\github\jsqlparser\jsqlparser\3.2\jsqlparser-3.2.jar;E:\Program\apache-maven-3.6.3-bin\apache-maven-3.6.3\repository\org\mybatis\mybatis\3.5.5\mybatis-3.5.5.jar;E:\Program\apache-maven-3.6.3-bin\apache-maven-3.6.3\repository\org\mybatis\mybatis-spring\2.0.5\mybatis-spring-2.0.5.jar;E:\Program\apache-maven-3.6.3-bin\apache-maven-3.6.3\repository\org\springframework\boot\spring-boot-autoconfigure\2.4.3\spring-boot-autoconfigure-2.4.3.jar;E:\Program\apache-maven-3.6.3-bin\apache-maven-3.6.3\repository\org\springframework\boot\spring-boot-starter-jdbc\2.4.3\spring-boot-starter-jdbc-2.4.3.jar;E:\Program\apache-maven-3.6.3-bin\apache-maven-3.6.3\repository\com\zaxxer\HikariCP\3.4.5\HikariCP-3.4.5.jar;E:\Program\apache-maven-3.6.3-bin\apache-maven-3.6.3\repository\org\springframework\spring-jdbc\5.3.4\spring-jdbc-5.3.4.jar;E:\Program\apache-maven-3.6.3-bin\apache-maven-3.6.3\repository\org\springframework\boot\spring-boot-starter-test\2.4.3\spring-boot-starter-test-2.4.3.jar;E:\Program\apache-maven-3.6.3-bin\apache-maven-3.6.3\repository\org\springframework\boot\spring-boot-test\2.4.3\spring-boot-test-2.4.3.jar;E:\Program\apache-maven-3.6.3-bin\apache-maven-3.6.3\repository\org\springframework\boot\spring-boot-test-autoconfigure\2.4.3\spring-boot-test-autoconfigure-2.4.3.jar;E:\Program\apache-maven-3.6.3-bin\apache-maven-3.6.3\repository\com\jayway\jsonpath\json-path\2.4.0\json-path-2.4.0.jar;E:\Program\apache-maven-3.6.3-bin\apache-maven-3.6.3\repository\net\minidev\json-smart\2.3\json-smart-2.3.jar;E:\Program\apache-maven-3.6.3-bin\apache-maven-3.6.3\repository\net\minidev\accessors-smart\1.2\accessors-smart-1.2.jar;E:\Program\apache-maven-3.6.3-bin\apache-maven-3.6.3\repository\org\ow2\asm\asm\5.0.4\asm-5.0.4.jar;E:\Program\apache-maven-3.6.3-bin\apache-maven-3.6.3\repository\jakarta\xml\bind\jakarta.xml.bind-api\2.3.3\jakarta.xml.bind-api-2.3.3.jar;E:\Program\apache-maven-3.6.3-bin\apache-maven-3.6.3\repository\jakarta\activation\jakarta.activation-api\1.2.2\jakarta.activation-api-1.2.2.jar;E:\Program\apache-maven-3.6.3-bin\apache-maven-3.6.3\repository\org\assertj\assertj-core\3.18.1\assertj-core-3.18.1.jar;E:\Program\apache-maven-3.6.3-bin\apache-maven-3.6.3\repository\org\hamcrest\hamcrest\2.2\hamcrest-2.2.jar;E:\Program\apache-maven-3.6.3-bin\apache-maven-3.6.3\repository\org\junit\jupiter\junit-jupiter\5.7.1\junit-jupiter-5.7.1.jar;E:\Program\apache-maven-3.6.3-bin\apache-maven-3.6.3\repository\org\junit\jupiter\junit-jupiter-api\5.7.1\junit-jupiter-api-5.7.1.jar;E:\Program\apache-maven-3.6.3-bin\apache-maven-3.6.3\repository\org\apiguardian\apiguardian-api\1.1.0\apiguardian-api-1.1.0.jar;E:\Program\apache-maven-3.6.3-bin\apache-maven-3.6.3\repository\org\opentest4j\opentest4j\1.2.0\opentest4j-1.2.0.jar;E:\Program\apache-maven-3.6.3-bin\apache-maven-3.6.3\repository\org\junit\platform\junit-platform-commons\1.7.1\junit-platform-commons-1.7.1.jar;E:\Program\apache-maven-3.6.3-bin\apache-maven-3.6.3\repository\org\junit\jupiter\junit-jupiter-params\5.7.1\junit-jupiter-params-5.7.1.jar;E:\Program\apache-maven-3.6.3-bin\apache-maven-3.6.3\repository\org\junit\jupiter\junit-jupiter-engine\5.7.1\junit-jupiter-engine-5.7.1.jar;E:\Program\apache-maven-3.6.3-bin\apache-maven-3.6.3\repository\org\junit\platform\junit-platform-engine\1.7.1\junit-platform-engine-1.7.1.jar;E:\Program\apache-maven-3.6.3-bin\apache-maven-3.6.3\repository\org\mockito\mockito-core\3.6.28\mockito-core-3.6.28.jar;E:\Program\apache-maven-3.6.3-bin\apache-maven-3.6.3\repository\net\bytebuddy\byte-buddy\1.10.20\byte-buddy-1.10.20.jar;E:\Program\apache-maven-3.6.3-bin\apache-maven-3.6.3\repository\net\bytebuddy\byte-buddy-agent\1.10.20\byte-buddy-agent-1.10.20.jar;E:\Program\apache-maven-3.6.3-bin\apache-maven-3.6.3\repository\org\objenesis\objenesis\3.1\objenesis-3.1.jar;E:\Program\apache-maven-3.6.3-bin\apache-maven-3.6.3\repository\org\mockito\mockito-junit-jupiter\3.6.28\mockito-junit-jupiter-3.6.28.jar;E:\Program\apache-maven-3.6.3-bin\apache-maven-3.6.3\repository\org\skyscreamer\jsonassert\1.5.0\jsonassert-1.5.0.jar;E:\Program\apache-maven-3.6.3-bin\apache-maven-3.6.3\repository\com\vaadin\external\google\android-json\0.0.20131108.vaadin1\android-json-0.0.20131108.vaadin1.jar;E:\Program\apache-maven-3.6.3-bin\apache-maven-3.6.3\repository\org\springframework\spring-core\5.3.4\spring-core-5.3.4.jar;E:\Program\apache-maven-3.6.3-bin\apache-maven-3.6.3\repository\org\springframework\spring-jcl\5.3.4\spring-jcl-5.3.4.jar;E:\Program\apache-maven-3.6.3-bin\apache-maven-3.6.3\repository\org\springframework\spring-test\5.3.4\spring-test-5.3.4.jar;E:\Program\apache-maven-3.6.3-bin\apache-maven-3.6.3\repository\org\xmlunit\xmlunit-core\2.7.0\xmlunit-core-2.7.0.jar;E:\Program\apache-maven-3.6.3-bin\apache-maven-3.6.3\repository\org\apache\commons\commons-lang3\3.8.1\commons-lang3-3.8.1.jar;E:\Program\apache-maven-3.6.3-bin\apache-maven-3.6.3\repository\commons-codec\commons-codec\1.11\commons-codec-1.11.jar;E:\Program\apache-maven-3.6.3-bin\apache-maven-3.6.3\repository\org\springframework\boot\spring-boot-starter-validation\2.4.3\spring-boot-starter-validation-2.4.3.jar;E:\Program\apache-maven-3.6.3-bin\apache-maven-3.6.3\repository\org\glassfish\jakarta.el\3.0.3\jakarta.el-3.0.3.jar;E:\Program\apache-maven-3.6.3-bin\apache-maven-3.6.3\repository\org\hibernate\validator\hibernate-validator\6.1.7.Final\hibernate-validator-6.1.7.Final.jar;E:\Program\apache-maven-3.6.3-bin\apache-maven-3.6.3\repository\jakarta\validation\jakarta.validation-api\2.0.2\jakarta.validation-api-2.0.2.jar;E:\Program\apache-maven-3.6.3-bin\apache-maven-3.6.3\repository\org\jboss\logging\jboss-logging\3.4.1.Final\jboss-logging-3.4.1.Final.jar;E:\Program\apache-maven-3.6.3-bin\apache-maven-3.6.3\repository\com\fasterxml\classmate\1.5.1\classmate-1.5.1.jar;E:\Program\apache-maven-3.6.3-bin\apache-maven-3.6.3\repository\org\springframework\boot\spring-boot-starter-redis\1.4.7.RELEASE\spring-boot-starter-redis-1.4.7.RELEASE.jar;E:\Program\apache-maven-3.6.3-bin\apache-maven-3.6.3\repository\org\springframework\data\spring-data-redis\2.4.5\spring-data-redis-2.4.5.jar;E:\Program\apache-maven-3.6.3-bin\apache-maven-3.6.3\repository\org\springframework\data\spring-data-keyvalue\2.4.5\spring-data-keyvalue-2.4.5.jar;E:\Program\apache-maven-3.6.3-bin\apache-maven-3.6.3\repository\org\springframework\data\spring-data-commons\2.4.5\spring-data-commons-2.4.5.jar;E:\Program\apache-maven-3.6.3-bin\apache-maven-3.6.3\repository\org\springframework\spring-tx\5.3.4\spring-tx-5.3.4.jar;E:\Program\apache-maven-3.6.3-bin\apache-maven-3.6.3\repository\org\springframework\spring-oxm\5.3.4\spring-oxm-5.3.4.jar;E:\Program\apache-maven-3.6.3-bin\apache-maven-3.6.3\repository\org\springframework\spring-context-support\5.3.4\spring-context-support-5.3.4.jar;E:\Program\apache-maven-3.6.3-bin\apache-maven-3.6.3\repository\redis\clients\jedis\3.3.0\jedis-3.3.0.jar;E:\Program\apache-maven-3.6.3-bin\apache-maven-3.6.3\repository\org\apache\commons\commons-pool2\2.9.0\commons-pool2-2.9.0.jar;"/>
    <property name="sun.cpu.endian" value="little"/>
    <property name="user.home" value="C:\Users\GUZHIHAO"/>
    <property name="user.language" value="zh"/>
    <property name="java.specification.vendor" value="Oracle Corporation"/>
    <property name="java.home" value="C:\Program Files\Java\jdk1.8.0_141\jre"/>
    <property name="basedir" value="E:\Java\SpringBoot\project"/>
    <property name="file.separator" value="\"/>
    <property name="line.separator" value="&#10;"/>
    <property name="java.vm.specification.vendor" value="Oracle Corporation"/>
    <property name="java.specification.name" value="Java Platform API Specification"/>
    <property name="java.awt.graphicsenv" value="sun.awt.Win32GraphicsEnvironment"/>
    <property name="surefire.real.class.path" value="C:\Users\GUZHIHAO\AppData\Local\Temp\surefire2443811691849245629\surefirebooter8030566230476520607.jar"/>
    <property name="sun.boot.class.path" value="C:\Program Files\Java\jdk1.8.0_141\jre\lib\resources.jar;C:\Program Files\Java\jdk1.8.0_141\jre\lib\rt.jar;C:\Program Files\Java\jdk1.8.0_141\jre\lib\sunrsasign.jar;C:\Program Files\Java\jdk1.8.0_141\jre\lib\jsse.jar;C:\Program Files\Java\jdk1.8.0_141\jre\lib\jce.jar;C:\Program Files\Java\jdk1.8.0_141\jre\lib\charsets.jar;C:\Program Files\Java\jdk1.8.0_141\jre\lib\jfr.jar;C:\Program Files\Java\jdk1.8.0_141\jre\classes"/>
    <property name="user.script" value=""/>
    <property name="sun.management.compiler" value="HotSpot 64-Bit Tiered Compilers"/>
    <property name="java.runtime.version" value="1.8.0_141-b15"/>
    <property name="user.name" value="顾志豪"/>
    <property name="path.separator" value=";"/>
    <property name="os.version" value="10.0"/>
    <property name="java.endorsed.dirs" value="C:\Program Files\Java\jdk1.8.0_141\jre\lib\endorsed"/>
    <property name="java.runtime.name" value="Java(TM) SE Runtime Environment"/>
    <property name="file.encoding" value="GBK"/>
    <property name="java.vm.name" value="Java HotSpot(TM) 64-Bit Server VM"/>
    <property name="localRepository" value="E:\Program\apache-maven-3.6.3-bin\apache-maven-3.6.3\repository"/>
    <property name="java.vendor.url.bug" value="http://bugreport.sun.com/bugreport/"/>
    <property name="java.io.tmpdir" value="C:\Users\GUZHIHAO\AppData\Local\Temp\"/>
    <property name="idea.version" value="2020.2.3"/>
    <property name="java.version" value="1.8.0_141"/>
    <property name="user.dir" value="E:\Java\SpringBoot\project"/>
    <property name="os.arch" value="amd64"/>
    <property name="java.vm.specification.name" value="Java Virtual Machine Specification"/>
    <property name="java.awt.printerjob" value="sun.awt.windows.WPrinterJob"/>
    <property name="sun.os.patch.level" value=""/>
    <property name="java.library.path" value="C:\Program Files\Java\jdk1.8.0_141\jre\bin;C:\WINDOWS\Sun\Java\bin;C:\WINDOWS\system32;C:\WINDOWS;E:\软件安装目录\Xshell\;&quot;C:\WINDOWS\system32;C:\WINDOWS;&quot;;E:\Program\apache-maven-3.6.3-bin\apache-maven-3.6.3\bin;C:\Program Files\MySQL\MySQL Utilities 1.6\;C:\Program Files\nodejs\;E:\Program\Git\cmd;E:\Program\mysql-5.7.30-winx64\bin;&quot;C:\WINDOWS\system32;&quot;;&quot;C:\WINDOWS;&quot;;&quot;C:\WINDOWS\System32\Wbem;&quot;;C:\windows\system32;C:\Program Files\NVIDIA Corporation\NVIDIA NvDLISR;E:\Program\erl9.3\bin;E:\Program\apache-maven-3.6.3-bin\apache-maven-3.6.3\bin\;C:\Users\GUZHIHAO\AppData\Local\Programs\Python\Python38\Scripts\;C:\Users\GUZHIHAO\AppData\Local\Programs\Python\Python38\;C:\Users\顾志豪\AppData\Local\Microsoft\WindowsApps;C:\Users\顾志豪\AppData\Local\BypassRuntm;C:\Users\顾志豪\AppData\Local\Microsoft\WindowsApps;C:\Users\顾志豪\AppData\Local\GitHubDesktop\bin;E:\Java\IntelliJ IDEA\IntelliJ IDEA Educational Edition 2020.1.1\bin;E:\Program\erl9.3\BIN;;&quot;C:\Program Files\Java\jdk1.8.0_141\bin;C:\Program Files\Java\jdk1.8.0_141\jre\bin;&quot;;C:\Users\GUZHIHAO\AppData\Roaming\npm;E:\Program\Microsoft VS Code\bin;."/>
    <property name="java.vm.info" value="mixed mode"/>
    <property name="java.vendor" value="Oracle Corporation"/>
    <property name="java.vm.version" value="25.141-b15"/>
    <property name="java.ext.dirs" value="C:\Program Files\Java\jdk1.8.0_141\jre\lib\ext;C:\WINDOWS\Sun\Java\lib\ext"/>
    <property name="sun.io.unicode.encoding" value="UnicodeLittle"/>
    <property name="maven.repo.local" value="E:\Program\apache-maven-3.6.3-bin\apache-maven-3.6.3\repository"/>
    <property name="java.class.version" value="52.0"/>
  </properties>
  <testcase name="contextLoads" classname="com.jit.jd.JdApplicationTests" time="1.559"/>
</testsuite>